-------------------------------------------------------------------------------
Test set: com.api.automation.getrequest.TestGetRunnerFile
-------------------------------------------------------------------------------
Tests run: 2, Failures: 2, Errors: 0, Skipped: 0, Time elapsed: 0.615 s <<< FAILURE! - in com.api.automation.getrequest.TestGetRunnerFile
runTest[1][1]  Time elapsed: 0.15 s  <<< FAILURE!
org.opentest4j.AssertionFailedError: 
match failed: EQUALS
  $ | not equal | actual array length is not equal to expected - 4:1 (LIST:LIST)
  [{"jobId":1,"jobTitle":"Software Engg","jobDescription":"To develop andriod application","experience":["Google","Apple","Mobile Iron"],"project":[{"projectName":"Movie App","technology":["Kotlin","SQL Lite","Gradle"]}]},{"jobId":95,"jobTitle":"Software Engg 3","jobDescription":"To develop andriod application and IOS application","experience":["Google","Apple","Mobile Iron"],"project":[{"projectName":"Movie App","technology":["Kotlin","SQL Lite","Gradle"]}]},{"jobId":17,"jobTitle":"Software Engg 3","jobDescription":"To develop andriod application","experience":["Google","Apple","Mobile Iron"],"project":[{"projectName":"Movie App","technology":["Kotlin","SQL Lite","Gradle"]}]},{"jobId":23,"jobTitle":"Software Engg 3","jobDescription":"To develop andriod application","experience":["Google","Apple","Mobile Iron"],"project":[{"projectName":"Movie App","technology":["Kotlin","SQL Lite","Gradle"]}]}]
  [{"jobId":1,"jobTitle":"Software Engg","jobDescription":"To develop andriod application","experience":["Google","Apple","Mobile Iron"],"project":[{"projectName":"Movie App","technology":["Kotlin","SQL Lite","Gradle"]}]}]


classpath:com/api/automation/getrequest/validateUsingFile.feature:17

runTest[1][2]  Time elapsed: 0.464 s  <<< FAILURE!
org.opentest4j.AssertionFailedError: 
match failed: EQUALS
  / | not equal | match failed for name: 'List' (XML:XML)
  <List><item><jobId>1</jobId><jobTitle>Software Engg</jobTitle><jobDescription>To develop andriod application</jobDescription><experience><experience>Google</experience><experience>Apple</experience><experience>Mobile Iron</experience></experience><project><project><projectName>Movie App</projectName><technology><technology>Kotlin</technology><technology>SQL Lite</technology><technology>Gradle</technology></technology></project></project></item><item><jobId>95</jobId><jobTitle>Software Engg 3</jobTitle><jobDescription>To develop andriod application and IOS application</jobDescription><experience><experience>Google</experience><experience>Apple</experience><experience>Mobile Iron</experience></experience><project><project><projectName>Movie App</projectName><technology><technology>Kotlin</technology><technology>SQL Lite</technology><technology>Gradle</technology></technology></project></project></item><item><jobId>17</jobId><jobTitle>Software Engg 3</jobTitle><jobDescription>To develop andriod application</jobDescription><experience><experience>Google</experience><experience>Apple</experience><experience>Mobile Iron</experience></experience><project><project><projectName>Movie App</projectName><technology><technology>Kotlin</technology><technology>SQL Lite</technology><technology>Gradle</technology></technology></project></project></item><item><jobId>23</jobId><jobTitle>Software Engg 3</jobTitle><jobDescription>To develop andriod application</jobDescription><experience><experience>Google</experience><experience>Apple</experience><experience>Mobile Iron</experience></experience><project><project><projectName>Movie App</projectName><technology><technology>Kotlin</technology><technology>SQL Lite</technology><technology>Gradle</technology></technology></project></project></item></List>
  <List><item><jobId>1</jobId><jobTitle>Software Engg</jobTitle><jobDescription>To develop andriod application</jobDescription><experience><experience>Google</experience><experience>Apple</experience><experience>Mobile Iron</experience></experience><project><project><projectName>Movie App</projectName><technology><technology>Kotlin</technology><technology>SQL Lite</technology><technology>Gradle</technology></technology></project></project></item></List>

    /List | not equal | match failed for name: 'item' (MAP:MAP)
    <item><jobId>1</jobId><jobTitle>Software Engg</jobTitle><jobDescription>To develop andriod application</jobDescription><experience><experience>Google</experience><experience>Apple</experience><experience>Mobile Iron</experience></experience><project><project><projectName>Movie App</projectName><technology><technology>Kotlin</technology><technology>SQL Lite</technology><technology>Gradle</technology></technology></project></project></item>
    <item><jobId>1</jobId><jobTitle>Software Engg</jobTitle><jobDescription>To develop andriod application</jobDescription><experience><experience>Google</experience><experience>Apple</experience><experience>Mobile Iron</experience></experience><project><project><projectName>Movie App</projectName><technology><technology>Kotlin</technology><technology>SQL Lite</technology><technology>Gradle</technology></technology></project></project></item>

      /List/item | data types don't match (LIST:MAP)
      [{"jobId":"1","jobTitle":"Software Engg","jobDescription":"To develop andriod application","experience":{"experience":["Google","Apple","Mobile Iron"]},"project":{"project":{"projectName":"Movie App","technology":{"technology":["Kotlin","SQL Lite","Gradle"]}}}},{"jobId":"95","jobTitle":"Software Engg 3","jobDescription":"To develop andriod application and IOS application","experience":{"experience":["Google","Apple","Mobile Iron"]},"project":{"project":{"projectName":"Movie App","technology":{"technology":["Kotlin","SQL Lite","Gradle"]}}}},{"jobId":"17","jobTitle":"Software Engg 3","jobDescription":"To develop andriod application","experience":{"experience":["Google","Apple","Mobile Iron"]},"project":{"project":{"projectName":"Movie App","technology":{"technology":["Kotlin","SQL Lite","Gradle"]}}}},{"jobId":"23","jobTitle":"Software Engg 3","jobDescription":"To develop andriod application","experience":{"experience":["Google","Apple","Mobile Iron"]},"project":{"project":{"projectName":"Movie App","technology":{"technology":["Kotlin","SQL Lite","Gradle"]}}}}]
      <jobId>1</jobId>

classpath:com/api/automation/getrequest/validateUsingFile.feature:29

