<?xml version="1.0" encoding="UTF-8"?>
<testsuite xmlns:xsi="http://www.w3.org/2001/XMLSchema-instance" xsi:noNamespaceSchemaLocation="https://maven.apache.org/surefire/maven-surefire-plugin/xsd/surefire-test-report.xsd" name="com.api.automation.putrequest.TestRunnerPut" time="0.712" tests="4" errors="0" skipped="0" failures="1">
  <properties>
[...]
</properties>
  <testcase name="runTest[1][1]" classname="com.api.automation.putrequest.TestRunnerPut" time="0.09"/>
  <testcase name="runTest[1][2]" classname="com.api.automation.putrequest.TestRunnerPut" time="0.218">
    <failure message="status code was: 404, expected: 200, response time in milliseconds: 11, url: http://localhost:9897/normal/webapi/update, response: &#10;{&quot;message&quot;:&quot;Failed to update Entry [jobId=124, jobTitle=QA Analyst Level 3, jobDescription=To develop automation framework for andriod application and web app, experience=[Ljava.lang.Object;@279266b1, project=[[projectName=Movie App, technology=[Kotlin, SQL Lite, Angular]], [projectName=IOS App, technology=[Kotlin, SQL Lite, Swift]]]]&quot;}&#10;classpath:com/api/automation/putrequest/updateJobEntry.feature:96" type="org.opentest4j.AssertionFailedError">org.opentest4j.AssertionFailedError: 
status code was: 404, expected: 200, response time in milliseconds: 11, url: http://localhost:9897/normal/webapi/update, response: 
{"message":"Failed to update Entry [jobId=124, jobTitle=QA Analyst Level 3, jobDescription=To develop automation framework for andriod application and web app, experience=[Ljava.lang.Object;@279266b1, project=[[projectName=Movie App, technology=[Kotlin, SQL Lite, Angular]], [projectName=IOS App, technology=[Kotlin, SQL Lite, Swift]]]]"}
classpath:com/api/automation/putrequest/updateJobEntry.feature:96
</failure>
    <system-out><![CDATA[13:41:37.629 [main] INFO  com.intuit.karate - karate.env system property was: null 
13:41:37.640 [main] DEBUG com.intuit.karate - request:
1 > POST http://localhost:9897/normal/webapi/add
1 > Accept: application/json
1 > Content-Type: application/json; charset=UTF-8
1 > Content-Length: 221
1 > Host: localhost:9897
1 > Connection: Keep-Alive
1 > User-Agent: Apache-HttpClient/4.5.13 (Java/16)
1 > Accept-Encoding: gzip,deflate
{"jobId":32,"jobTitle":"Software Engg 3","jobDescription":"To develop andriod application","experience":["Google","Apple","Mobile Iron"],"project":[{"projectName":"Movie App","technology":["Kotlin","SQL Lite","Gradle"]}]}

13:41:37.663 [main] DEBUG com.intuit.karate - response time in milliseconds: 23
1 < 201
1 < X-Content-Type-Options: nosniff
1 < X-XSS-Protection: 1; mode=block
1 < Cache-Control: no-cache, no-store, max-age=0, must-revalidate
1 < Pragma: no-cache
1 < Expires: 0
1 < X-Frame-Options: DENY
1 < Content-Type: application/json
1 < Transfer-Encoding: chunked
1 < Date: Thu, 21 Apr 2022 08:11:37 GMT
1 < Keep-Alive: timeout=60
1 < Connection: keep-alive
{"jobId":32,"jobTitle":"Software Engg 3","jobDescription":"To develop andriod application","experience":["Google","Apple","Mobile Iron"],"project":[{"projectName":"Movie App","technology":["Kotlin","SQL Lite","Gradle"]}]}
13:41:37.668 [main] DEBUG com.intuit.karate - request:
1 > PUT http://localhost:9897/normal/webapi/update
1 > Accept: application/json
1 > Content-Type: application/json; charset=UTF-8
1 > Content-Length: 328
1 > Host: localhost:9897
1 > Connection: Keep-Alive
1 > User-Agent: Apache-HttpClient/4.5.13 (Java/16)
1 > Accept-Encoding: gzip,deflate
{"jobId":124,"jobTitle":"QA Analyst Level 3","jobDescription":"To develop automation framework for andriod application and web app","experience":["Google","Apple","Windows"],"project":[{"projectName":"Movie App","technology":["Kotlin","SQL Lite","Angular"]},{"projectName":"IOS App","technology":["Kotlin","SQL Lite","Swift"]}]}

13:41:37.680 [main] DEBUG com.intuit.karate - response time in milliseconds: 11
1 < 404
1 < X-Content-Type-Options: nosniff
1 < X-XSS-Protection: 1; mode=block
1 < Cache-Control: no-cache, no-store, max-age=0, must-revalidate
1 < Pragma: no-cache
1 < Expires: 0
1 < X-Frame-Options: DENY
1 < Content-Type: application/json
1 < Transfer-Encoding: chunked
1 < Date: Thu, 21 Apr 2022 08:11:37 GMT
1 < Keep-Alive: timeout=60
1 < Connection: keep-alive
{"message":"Failed to update Entry [jobId=124, jobTitle=QA Analyst Level 3, jobDescription=To develop automation framework for andriod application and web app, experience=[Ljava.lang.Object;@279266b1, project=[[projectName=Movie App, technology=[Kotlin, SQL Lite, Angular]], [projectName=IOS App, technology=[Kotlin, SQL Lite, Swift]]]]"}
13:41:37.681 [main] ERROR com.intuit.karate - classpath:com/api/automation/putrequest/updateJobEntry.feature:96
Then status 200
status code was: 404, expected: 200, response time in milliseconds: 11, url: http://localhost:9897/normal/webapi/update, response: 
{"message":"Failed to update Entry [jobId=124, jobTitle=QA Analyst Level 3, jobDescription=To develop automation framework for andriod application and web app, experience=[Ljava.lang.Object;@279266b1, project=[[projectName=Movie App, technology=[Kotlin, SQL Lite, Angular]], [projectName=IOS App, technology=[Kotlin, SQL Lite, Swift]]]]"}
classpath:com/api/automation/putrequest/updateJobEntry.feature:96
]]></system-out>
  </testcase>
  <testcase name="runTest[1][3]" classname="com.api.automation.putrequest.TestRunnerPut" time="0.114"/>
  <testcase name="runTest[1][4]" classname="com.api.automation.putrequest.TestRunnerPut" time="0.267"/>
</testsuite>