<?xml version="1.0" encoding="UTF-8"?>
<testsuite xmlns:xsi="http://www.w3.org/2001/XMLSchema-instance" xsi:noNamespaceSchemaLocation="https://maven.apache.org/surefire/maven-surefire-plugin/xsd/surefire-test-report.xsd" name="com.api.automation.getrequest.TestGetRunnerFile" time="0.615" tests="2" errors="0" skipped="0" failures="2">
  <properties>
[...]
</properties>
  <testcase name="runTest[1][1]" classname="com.api.automation.getrequest.TestGetRunnerFile" time="0.15">
    <failure message="match failed: EQUALS&#10;  $ | not equal | actual array length is not equal to expected - 4:1 (LIST:LIST)&#10;  [{&quot;jobId&quot;:1,&quot;jobTitle&quot;:&quot;Software Engg&quot;,&quot;jobDescription&quot;:&quot;To develop andriod application&quot;,&quot;experience&quot;:[&quot;Google&quot;,&quot;Apple&quot;,&quot;Mobile Iron&quot;],&quot;project&quot;:[{&quot;projectName&quot;:&quot;Movie App&quot;,&quot;technology&quot;:[&quot;Kotlin&quot;,&quot;SQL Lite&quot;,&quot;Gradle&quot;]}]},{&quot;jobId&quot;:95,&quot;jobTitle&quot;:&quot;Software Engg 3&quot;,&quot;jobDescription&quot;:&quot;To develop andriod application and IOS application&quot;,&quot;experience&quot;:[&quot;Google&quot;,&quot;Apple&quot;,&quot;Mobile Iron&quot;],&quot;project&quot;:[{&quot;projectName&quot;:&quot;Movie App&quot;,&quot;technology&quot;:[&quot;Kotlin&quot;,&quot;SQL Lite&quot;,&quot;Gradle&quot;]}]},{&quot;jobId&quot;:17,&quot;jobTitle&quot;:&quot;Software Engg 3&quot;,&quot;jobDescription&quot;:&quot;To develop andriod application&quot;,&quot;experience&quot;:[&quot;Google&quot;,&quot;Apple&quot;,&quot;Mobile Iron&quot;],&quot;project&quot;:[{&quot;projectName&quot;:&quot;Movie App&quot;,&quot;technology&quot;:[&quot;Kotlin&quot;,&quot;SQL Lite&quot;,&quot;Gradle&quot;]}]},{&quot;jobId&quot;:23,&quot;jobTitle&quot;:&quot;Software Engg 3&quot;,&quot;jobDescription&quot;:&quot;To develop andriod application&quot;,&quot;experience&quot;:[&quot;Google&quot;,&quot;Apple&quot;,&quot;Mobile Iron&quot;],&quot;project&quot;:[{&quot;projectName&quot;:&quot;Movie App&quot;,&quot;technology&quot;:[&quot;Kotlin&quot;,&quot;SQL Lite&quot;,&quot;Gradle&quot;]}]}]&#10;  [{&quot;jobId&quot;:1,&quot;jobTitle&quot;:&quot;Software Engg&quot;,&quot;jobDescription&quot;:&quot;To develop andriod application&quot;,&quot;experience&quot;:[&quot;Google&quot;,&quot;Apple&quot;,&quot;Mobile Iron&quot;],&quot;project&quot;:[{&quot;projectName&quot;:&quot;Movie App&quot;,&quot;technology&quot;:[&quot;Kotlin&quot;,&quot;SQL Lite&quot;,&quot;Gradle&quot;]}]}]&#10;&#10;&#10;classpath:com/api/automation/getrequest/validateUsingFile.feature:17" type="org.opentest4j.AssertionFailedError">org.opentest4j.AssertionFailedError: 
match failed: EQUALS
  $ | not equal | actual array length is not equal to expected - 4:1 (LIST:LIST)
  [{"jobId":1,"jobTitle":"Software Engg","jobDescription":"To develop andriod application","experience":["Google","Apple","Mobile Iron"],"project":[{"projectName":"Movie App","technology":["Kotlin","SQL Lite","Gradle"]}]},{"jobId":95,"jobTitle":"Software Engg 3","jobDescription":"To develop andriod application and IOS application","experience":["Google","Apple","Mobile Iron"],"project":[{"projectName":"Movie App","technology":["Kotlin","SQL Lite","Gradle"]}]},{"jobId":17,"jobTitle":"Software Engg 3","jobDescription":"To develop andriod application","experience":["Google","Apple","Mobile Iron"],"project":[{"projectName":"Movie App","technology":["Kotlin","SQL Lite","Gradle"]}]},{"jobId":23,"jobTitle":"Software Engg 3","jobDescription":"To develop andriod application","experience":["Google","Apple","Mobile Iron"],"project":[{"projectName":"Movie App","technology":["Kotlin","SQL Lite","Gradle"]}]}]
  [{"jobId":1,"jobTitle":"Software Engg","jobDescription":"To develop andriod application","experience":["Google","Apple","Mobile Iron"],"project":[{"projectName":"Movie App","technology":["Kotlin","SQL Lite","Gradle"]}]}]


classpath:com/api/automation/getrequest/validateUsingFile.feature:17
</failure>
    <system-out><![CDATA[13:41:32.967 [main] DEBUG com.intuit.karate.Suite - [config] classpath:karate-config.js
13:41:32.982 [main] INFO  com.intuit.karate - karate.env system property was: null 
13:41:32.988 [main] DEBUG com.intuit.karate - request:
1 > GET http://localhost:9897/normal/webapi/all
1 > Accept: application/json
1 > Host: localhost:9897
1 > Connection: Keep-Alive
1 > User-Agent: Apache-HttpClient/4.5.13 (Java/16)
1 > Accept-Encoding: gzip,deflate


13:41:33.006 [main] DEBUG com.intuit.karate - response time in milliseconds: 15
1 < 200
1 < X-Content-Type-Options: nosniff
1 < X-XSS-Protection: 1; mode=block
1 < Cache-Control: no-cache, no-store, max-age=0, must-revalidate
1 < Pragma: no-cache
1 < Expires: 0
1 < X-Frame-Options: DENY
1 < Content-Type: application/json
1 < Transfer-Encoding: chunked
1 < Date: Thu, 21 Apr 2022 08:11:32 GMT
1 < Keep-Alive: timeout=60
1 < Connection: keep-alive
[{"jobId":1,"jobTitle":"Software Engg","jobDescription":"To develop andriod application","experience":["Google","Apple","Mobile Iron"],"project":[{"projectName":"Movie App","technology":["Kotlin","SQL Lite","Gradle"]}]},{"jobId":95,"jobTitle":"Software Engg 3","jobDescription":"To develop andriod application and IOS application","experience":["Google","Apple","Mobile Iron"],"project":[{"projectName":"Movie App","technology":["Kotlin","SQL Lite","Gradle"]}]},{"jobId":17,"jobTitle":"Software Engg 3","jobDescription":"To develop andriod application","experience":["Google","Apple","Mobile Iron"],"project":[{"projectName":"Movie App","technology":["Kotlin","SQL Lite","Gradle"]}]},{"jobId":23,"jobTitle":"Software Engg 3","jobDescription":"To develop andriod application","experience":["Google","Apple","Mobile Iron"],"project":[{"projectName":"Movie App","technology":["Kotlin","SQL Lite","Gradle"]}]}]
13:41:33.011 [main] INFO  com.intuit.karate - [print] [
  {
    "jobId": 1,
    "jobTitle": "Software Engg",
    "jobDescription": "To develop andriod application",
    "experience": [
      "Google",
      "Apple",
      "Mobile Iron"
    ],
    "project": [
      {
        "projectName": "Movie App",
        "technology": [
          "Kotlin",
          "SQL Lite",
          "Gradle"
        ]
      }
    ]
  }
]
 
13:41:33.014 [main] ERROR com.intuit.karate - classpath:com/api/automation/getrequest/validateUsingFile.feature:17
And match response == expectedResponse
match failed: EQUALS
  $ | not equal | actual array length is not equal to expected - 4:1 (LIST:LIST)
  [{"jobId":1,"jobTitle":"Software Engg","jobDescription":"To develop andriod application","experience":["Google","Apple","Mobile Iron"],"project":[{"projectName":"Movie App","technology":["Kotlin","SQL Lite","Gradle"]}]},{"jobId":95,"jobTitle":"Software Engg 3","jobDescription":"To develop andriod application and IOS application","experience":["Google","Apple","Mobile Iron"],"project":[{"projectName":"Movie App","technology":["Kotlin","SQL Lite","Gradle"]}]},{"jobId":17,"jobTitle":"Software Engg 3","jobDescription":"To develop andriod application","experience":["Google","Apple","Mobile Iron"],"project":[{"projectName":"Movie App","technology":["Kotlin","SQL Lite","Gradle"]}]},{"jobId":23,"jobTitle":"Software Engg 3","jobDescription":"To develop andriod application","experience":["Google","Apple","Mobile Iron"],"project":[{"projectName":"Movie App","technology":["Kotlin","SQL Lite","Gradle"]}]}]
  [{"jobId":1,"jobTitle":"Software Engg","jobDescription":"To develop andriod application","experience":["Google","Apple","Mobile Iron"],"project":[{"projectName":"Movie App","technology":["Kotlin","SQL Lite","Gradle"]}]}]


classpath:com/api/automation/getrequest/validateUsingFile.feature:17
]]></system-out>
  </testcase>
  <testcase name="runTest[1][2]" classname="com.api.automation.getrequest.TestGetRunnerFile" time="0.464">
    <failure message="match failed: EQUALS&#10;  / | not equal | match failed for name: &apos;List&apos; (XML:XML)&#10;  &lt;List&gt;&lt;item&gt;&lt;jobId&gt;1&lt;/jobId&gt;&lt;jobTitle&gt;Software Engg&lt;/jobTitle&gt;&lt;jobDescription&gt;To develop andriod application&lt;/jobDescription&gt;&lt;experience&gt;&lt;experience&gt;Google&lt;/experience&gt;&lt;experience&gt;Apple&lt;/experience&gt;&lt;experience&gt;Mobile Iron&lt;/experience&gt;&lt;/experience&gt;&lt;project&gt;&lt;project&gt;&lt;projectName&gt;Movie App&lt;/projectName&gt;&lt;technology&gt;&lt;technology&gt;Kotlin&lt;/technology&gt;&lt;technology&gt;SQL Lite&lt;/technology&gt;&lt;technology&gt;Gradle&lt;/technology&gt;&lt;/technology&gt;&lt;/project&gt;&lt;/project&gt;&lt;/item&gt;&lt;item&gt;&lt;jobId&gt;95&lt;/jobId&gt;&lt;jobTitle&gt;Software Engg 3&lt;/jobTitle&gt;&lt;jobDescription&gt;To develop andriod application and IOS application&lt;/jobDescription&gt;&lt;experience&gt;&lt;experience&gt;Google&lt;/experience&gt;&lt;experience&gt;Apple&lt;/experience&gt;&lt;experience&gt;Mobile Iron&lt;/experience&gt;&lt;/experience&gt;&lt;project&gt;&lt;project&gt;&lt;projectName&gt;Movie App&lt;/projectName&gt;&lt;technology&gt;&lt;technology&gt;Kotlin&lt;/technology&gt;&lt;technology&gt;SQL Lite&lt;/technology&gt;&lt;technology&gt;Gradle&lt;/technology&gt;&lt;/technology&gt;&lt;/project&gt;&lt;/project&gt;&lt;/item&gt;&lt;item&gt;&lt;jobId&gt;17&lt;/jobId&gt;&lt;jobTitle&gt;Software Engg 3&lt;/jobTitle&gt;&lt;jobDescription&gt;To develop andriod application&lt;/jobDescription&gt;&lt;experience&gt;&lt;experience&gt;Google&lt;/experience&gt;&lt;experience&gt;Apple&lt;/experience&gt;&lt;experience&gt;Mobile Iron&lt;/experience&gt;&lt;/experience&gt;&lt;project&gt;&lt;project&gt;&lt;projectName&gt;Movie App&lt;/projectName&gt;&lt;technology&gt;&lt;technology&gt;Kotlin&lt;/technology&gt;&lt;technology&gt;SQL Lite&lt;/technology&gt;&lt;technology&gt;Gradle&lt;/technology&gt;&lt;/technology&gt;&lt;/project&gt;&lt;/project&gt;&lt;/item&gt;&lt;item&gt;&lt;jobId&gt;23&lt;/jobId&gt;&lt;jobTitle&gt;Software Engg 3&lt;/jobTitle&gt;&lt;jobDescription&gt;To develop andriod application&lt;/jobDescription&gt;&lt;experience&gt;&lt;experience&gt;Google&lt;/experience&gt;&lt;experience&gt;Apple&lt;/experience&gt;&lt;experience&gt;Mobile Iron&lt;/experience&gt;&lt;/experience&gt;&lt;project&gt;&lt;project&gt;&lt;projectName&gt;Movie App&lt;/projectName&gt;&lt;technology&gt;&lt;technology&gt;Kotlin&lt;/technology&gt;&lt;technology&gt;SQL Lite&lt;/technology&gt;&lt;technology&gt;Gradle&lt;/technology&gt;&lt;/technology&gt;&lt;/project&gt;&lt;/project&gt;&lt;/item&gt;&lt;/List&gt;&#10;  &lt;List&gt;&lt;item&gt;&lt;jobId&gt;1&lt;/jobId&gt;&lt;jobTitle&gt;Software Engg&lt;/jobTitle&gt;&lt;jobDescription&gt;To develop andriod application&lt;/jobDescription&gt;&lt;experience&gt;&lt;experience&gt;Google&lt;/experience&gt;&lt;experience&gt;Apple&lt;/experience&gt;&lt;experience&gt;Mobile Iron&lt;/experience&gt;&lt;/experience&gt;&lt;project&gt;&lt;project&gt;&lt;projectName&gt;Movie App&lt;/projectName&gt;&lt;technology&gt;&lt;technology&gt;Kotlin&lt;/technology&gt;&lt;technology&gt;SQL Lite&lt;/technology&gt;&lt;technology&gt;Gradle&lt;/technology&gt;&lt;/technology&gt;&lt;/project&gt;&lt;/project&gt;&lt;/item&gt;&lt;/List&gt;&#10;&#10;    /List | not equal | match failed for name: &apos;item&apos; (MAP:MAP)&#10;    &lt;item&gt;&lt;jobId&gt;1&lt;/jobId&gt;&lt;jobTitle&gt;Software Engg&lt;/jobTitle&gt;&lt;jobDescription&gt;To develop andriod application&lt;/jobDescription&gt;&lt;experience&gt;&lt;experience&gt;Google&lt;/experience&gt;&lt;experience&gt;Apple&lt;/experience&gt;&lt;experience&gt;Mobile Iron&lt;/experience&gt;&lt;/experience&gt;&lt;project&gt;&lt;project&gt;&lt;projectName&gt;Movie App&lt;/projectName&gt;&lt;technology&gt;&lt;technology&gt;Kotlin&lt;/technology&gt;&lt;technology&gt;SQL Lite&lt;/technology&gt;&lt;technology&gt;Gradle&lt;/technology&gt;&lt;/technology&gt;&lt;/project&gt;&lt;/project&gt;&lt;/item&gt;&#10;    &lt;item&gt;&lt;jobId&gt;1&lt;/jobId&gt;&lt;jobTitle&gt;Software Engg&lt;/jobTitle&gt;&lt;jobDescription&gt;To develop andriod application&lt;/jobDescription&gt;&lt;experience&gt;&lt;experience&gt;Google&lt;/experience&gt;&lt;experience&gt;Apple&lt;/experience&gt;&lt;experience&gt;Mobile Iron&lt;/experience&gt;&lt;/experience&gt;&lt;project&gt;&lt;project&gt;&lt;projectName&gt;Movie App&lt;/projectName&gt;&lt;technology&gt;&lt;technology&gt;Kotlin&lt;/technology&gt;&lt;technology&gt;SQL Lite&lt;/technology&gt;&lt;technology&gt;Gradle&lt;/technology&gt;&lt;/technology&gt;&lt;/project&gt;&lt;/project&gt;&lt;/item&gt;&#10;&#10;      /List/item | data types don&apos;t match (LIST:MAP)&#10;      [{&quot;jobId&quot;:&quot;1&quot;,&quot;jobTitle&quot;:&quot;Software Engg&quot;,&quot;jobDescription&quot;:&quot;To develop andriod application&quot;,&quot;experience&quot;:{&quot;experience&quot;:[&quot;Google&quot;,&quot;Apple&quot;,&quot;Mobile Iron&quot;]},&quot;project&quot;:{&quot;project&quot;:{&quot;projectName&quot;:&quot;Movie App&quot;,&quot;technology&quot;:{&quot;technology&quot;:[&quot;Kotlin&quot;,&quot;SQL Lite&quot;,&quot;Gradle&quot;]}}}},{&quot;jobId&quot;:&quot;95&quot;,&quot;jobTitle&quot;:&quot;Software Engg 3&quot;,&quot;jobDescription&quot;:&quot;To develop andriod application and IOS application&quot;,&quot;experience&quot;:{&quot;experience&quot;:[&quot;Google&quot;,&quot;Apple&quot;,&quot;Mobile Iron&quot;]},&quot;project&quot;:{&quot;project&quot;:{&quot;projectName&quot;:&quot;Movie App&quot;,&quot;technology&quot;:{&quot;technology&quot;:[&quot;Kotlin&quot;,&quot;SQL Lite&quot;,&quot;Gradle&quot;]}}}},{&quot;jobId&quot;:&quot;17&quot;,&quot;jobTitle&quot;:&quot;Software Engg 3&quot;,&quot;jobDescription&quot;:&quot;To develop andriod application&quot;,&quot;experience&quot;:{&quot;experience&quot;:[&quot;Google&quot;,&quot;Apple&quot;,&quot;Mobile Iron&quot;]},&quot;project&quot;:{&quot;project&quot;:{&quot;projectName&quot;:&quot;Movie App&quot;,&quot;technology&quot;:{&quot;technology&quot;:[&quot;Kotlin&quot;,&quot;SQL Lite&quot;,&quot;Gradle&quot;]}}}},{&quot;jobId&quot;:&quot;23&quot;,&quot;jobTitle&quot;:&quot;Software Engg 3&quot;,&quot;jobDescription&quot;:&quot;To develop andriod application&quot;,&quot;experience&quot;:{&quot;experience&quot;:[&quot;Google&quot;,&quot;Apple&quot;,&quot;Mobile Iron&quot;]},&quot;project&quot;:{&quot;project&quot;:{&quot;projectName&quot;:&quot;Movie App&quot;,&quot;technology&quot;:{&quot;technology&quot;:[&quot;Kotlin&quot;,&quot;SQL Lite&quot;,&quot;Gradle&quot;]}}}}]&#10;      &lt;jobId&gt;1&lt;/jobId&gt;&#10;&#10;classpath:com/api/automation/getrequest/validateUsingFile.feature:29" type="org.opentest4j.AssertionFailedError"><![CDATA[org.opentest4j.AssertionFailedError: 
match failed: EQUALS
  / | not equal | match failed for name: 'List' (XML:XML)
  <List><item><jobId>1</jobId><jobTitle>Software Engg</jobTitle><jobDescription>To develop andriod application</jobDescription><experience><experience>Google</experience><experience>Apple</experience><experience>Mobile Iron</experience></experience><project><project><projectName>Movie App</projectName><technology><technology>Kotlin</technology><technology>SQL Lite</technology><technology>Gradle</technology></technology></project></project></item><item><jobId>95</jobId><jobTitle>Software Engg 3</jobTitle><jobDescription>To develop andriod application and IOS application</jobDescription><experience><experience>Google</experience><experience>Apple</experience><experience>Mobile Iron</experience></experience><project><project><projectName>Movie App</projectName><technology><technology>Kotlin</technology><technology>SQL Lite</technology><technology>Gradle</technology></technology></project></project></item><item><jobId>17</jobId><jobTitle>Software Engg 3</jobTitle><jobDescription>To develop andriod application</jobDescription><experience><experience>Google</experience><experience>Apple</experience><experience>Mobile Iron</experience></experience><project><project><projectName>Movie App</projectName><technology><technology>Kotlin</technology><technology>SQL Lite</technology><technology>Gradle</technology></technology></project></project></item><item><jobId>23</jobId><jobTitle>Software Engg 3</jobTitle><jobDescription>To develop andriod application</jobDescription><experience><experience>Google</experience><experience>Apple</experience><experience>Mobile Iron</experience></experience><project><project><projectName>Movie App</projectName><technology><technology>Kotlin</technology><technology>SQL Lite</technology><technology>Gradle</technology></technology></project></project></item></List>
  <List><item><jobId>1</jobId><jobTitle>Software Engg</jobTitle><jobDescription>To develop andriod application</jobDescription><experience><experience>Google</experience><experience>Apple</experience><experience>Mobile Iron</experience></experience><project><project><projectName>Movie App</projectName><technology><technology>Kotlin</technology><technology>SQL Lite</technology><technology>Gradle</technology></technology></project></project></item></List>

    /List | not equal | match failed for name: 'item' (MAP:MAP)
    <item><jobId>1</jobId><jobTitle>Software Engg</jobTitle><jobDescription>To develop andriod application</jobDescription><experience><experience>Google</experience><experience>Apple</experience><experience>Mobile Iron</experience></experience><project><project><projectName>Movie App</projectName><technology><technology>Kotlin</technology><technology>SQL Lite</technology><technology>Gradle</technology></technology></project></project></item>
    <item><jobId>1</jobId><jobTitle>Software Engg</jobTitle><jobDescription>To develop andriod application</jobDescription><experience><experience>Google</experience><experience>Apple</experience><experience>Mobile Iron</experience></experience><project><project><projectName>Movie App</projectName><technology><technology>Kotlin</technology><technology>SQL Lite</technology><technology>Gradle</technology></technology></project></project></item>

      /List/item | data types don't match (LIST:MAP)
      [{"jobId":"1","jobTitle":"Software Engg","jobDescription":"To develop andriod application","experience":{"experience":["Google","Apple","Mobile Iron"]},"project":{"project":{"projectName":"Movie App","technology":{"technology":["Kotlin","SQL Lite","Gradle"]}}}},{"jobId":"95","jobTitle":"Software Engg 3","jobDescription":"To develop andriod application and IOS application","experience":{"experience":["Google","Apple","Mobile Iron"]},"project":{"project":{"projectName":"Movie App","technology":{"technology":["Kotlin","SQL Lite","Gradle"]}}}},{"jobId":"17","jobTitle":"Software Engg 3","jobDescription":"To develop andriod application","experience":{"experience":["Google","Apple","Mobile Iron"]},"project":{"project":{"projectName":"Movie App","technology":{"technology":["Kotlin","SQL Lite","Gradle"]}}}},{"jobId":"23","jobTitle":"Software Engg 3","jobDescription":"To develop andriod application","experience":{"experience":["Google","Apple","Mobile Iron"]},"project":{"project":{"projectName":"Movie App","technology":{"technology":["Kotlin","SQL Lite","Gradle"]}}}}]
      <jobId>1</jobId>

classpath:com/api/automation/getrequest/validateUsingFile.feature:29
]]></failure>
    <system-out><![CDATA[13:41:33.038 [main] INFO  com.intuit.karate - karate.env system property was: null 
13:41:33.041 [main] DEBUG com.intuit.karate - request:
1 > GET http://localhost:9897/normal/webapi/all
1 > Accept: application/xml
1 > Host: localhost:9897
1 > Connection: Keep-Alive
1 > User-Agent: Apache-HttpClient/4.5.13 (Java/16)
1 > Accept-Encoding: gzip,deflate


13:41:33.096 [main] DEBUG com.intuit.karate - response time in milliseconds: 55
1 < 200
1 < X-Content-Type-Options: nosniff
1 < X-XSS-Protection: 1; mode=block
1 < Cache-Control: no-cache, no-store, max-age=0, must-revalidate
1 < Pragma: no-cache
1 < Expires: 0
1 < X-Frame-Options: DENY
1 < Content-Type: application/xml
1 < Transfer-Encoding: chunked
1 < Date: Thu, 21 Apr 2022 08:11:32 GMT
1 < Keep-Alive: timeout=60
1 < Connection: keep-alive
<List><item><jobId>1</jobId><jobTitle>Software Engg</jobTitle><jobDescription>To develop andriod application</jobDescription><experience><experience>Google</experience><experience>Apple</experience><experience>Mobile Iron</experience></experience><project><project><projectName>Movie App</projectName><technology><technology>Kotlin</technology><technology>SQL Lite</technology><technology>Gradle</technology></technology></project></project></item><item><jobId>95</jobId><jobTitle>Software Engg 3</jobTitle><jobDescription>To develop andriod application and IOS application</jobDescription><experience><experience>Google</experience><experience>Apple</experience><experience>Mobile Iron</experience></experience><project><project><projectName>Movie App</projectName><technology><technology>Kotlin</technology><technology>SQL Lite</technology><technology>Gradle</technology></technology></project></project></item><item><jobId>17</jobId><jobTitle>Software Engg 3</jobTitle><jobDescription>To develop andriod application</jobDescription><experience><experience>Google</experience><experience>Apple</experience><experience>Mobile Iron</experience></experience><project><project><projectName>Movie App</projectName><technology><technology>Kotlin</technology><technology>SQL Lite</technology><technology>Gradle</technology></technology></project></project></item><item><jobId>23</jobId><jobTitle>Software Engg 3</jobTitle><jobDescription>To develop andriod application</jobDescription><experience><experience>Google</experience><experience>Apple</experience><experience>Mobile Iron</experience></experience><project><project><projectName>Movie App</projectName><technology><technology>Kotlin</technology><technology>SQL Lite</technology><technology>Gradle</technology></technology></project></project></item></List>
13:41:33.110 [main] INFO  com.intuit.karate - [print] <List>
  <item>
    <jobId>1</jobId>
    <jobTitle>Software Engg</jobTitle>
    <jobDescription>To develop andriod application</jobDescription>
    <experience>
      <experience>Google</experience>
      <experience>Apple</experience>
      <experience>Mobile Iron</experience>
    </experience>
    <project>
      <project>
        <projectName>Movie App</projectName>
        <technology>
          <technology>Kotlin</technology>
          <technology>SQL Lite</technology>
          <technology>Gradle</technology>
        </technology>
      </project>
    </project>
  </item>
</List>
 
13:41:33.307 [main] ERROR com.intuit.karate - classpath:com/api/automation/getrequest/validateUsingFile.feature:29
And match response == expectedResponse
match failed: EQUALS
  / | not equal | match failed for name: 'List' (XML:XML)
  <List><item><jobId>1</jobId><jobTitle>Software Engg</jobTitle><jobDescription>To develop andriod application</jobDescription><experience><experience>Google</experience><experience>Apple</experience><experience>Mobile Iron</experience></experience><project><project><projectName>Movie App</projectName><technology><technology>Kotlin</technology><technology>SQL Lite</technology><technology>Gradle</technology></technology></project></project></item><item><jobId>95</jobId><jobTitle>Software Engg 3</jobTitle><jobDescription>To develop andriod application and IOS application</jobDescription><experience><experience>Google</experience><experience>Apple</experience><experience>Mobile Iron</experience></experience><project><project><projectName>Movie App</projectName><technology><technology>Kotlin</technology><technology>SQL Lite</technology><technology>Gradle</technology></technology></project></project></item><item><jobId>17</jobId><jobTitle>Software Engg 3</jobTitle><jobDescription>To develop andriod application</jobDescription><experience><experience>Google</experience><experience>Apple</experience><experience>Mobile Iron</experience></experience><project><project><projectName>Movie App</projectName><technology><technology>Kotlin</technology><technology>SQL Lite</technology><technology>Gradle</technology></technology></project></project></item><item><jobId>23</jobId><jobTitle>Software Engg 3</jobTitle><jobDescription>To develop andriod application</jobDescription><experience><experience>Google</experience><experience>Apple</experience><experience>Mobile Iron</experience></experience><project><project><projectName>Movie App</projectName><technology><technology>Kotlin</technology><technology>SQL Lite</technology><technology>Gradle</technology></technology></project></project></item></List>
  <List><item><jobId>1</jobId><jobTitle>Software Engg</jobTitle><jobDescription>To develop andriod application</jobDescription><experience><experience>Google</experience><experience>Apple</experience><experience>Mobile Iron</experience></experience><project><project><projectName>Movie App</projectName><technology><technology>Kotlin</technology><technology>SQL Lite</technology><technology>Gradle</technology></technology></project></project></item></List>

    /List | not equal | match failed for name: 'item' (MAP:MAP)
    <item><jobId>1</jobId><jobTitle>Software Engg</jobTitle><jobDescription>To develop andriod application</jobDescription><experience><experience>Google</experience><experience>Apple</experience><experience>Mobile Iron</experience></experience><project><project><projectName>Movie App</projectName><technology><technology>Kotlin</technology><technology>SQL Lite</technology><technology>Gradle</technology></technology></project></project></item>
    <item><jobId>1</jobId><jobTitle>Software Engg</jobTitle><jobDescription>To develop andriod application</jobDescription><experience><experience>Google</experience><experience>Apple</experience><experience>Mobile Iron</experience></experience><project><project><projectName>Movie App</projectName><technology><technology>Kotlin</technology><technology>SQL Lite</technology><technology>Gradle</technology></technology></project></project></item>

      /List/item | data types don't match (LIST:MAP)
      [{"jobId":"1","jobTitle":"Software Engg","jobDescription":"To develop andriod application","experience":{"experience":["Google","Apple","Mobile Iron"]},"project":{"project":{"projectName":"Movie App","technology":{"technology":["Kotlin","SQL Lite","Gradle"]}}}},{"jobId":"95","jobTitle":"Software Engg 3","jobDescription":"To develop andriod application and IOS application","experience":{"experience":["Google","Apple","Mobile Iron"]},"project":{"project":{"projectName":"Movie App","technology":{"technology":["Kotlin","SQL Lite","Gradle"]}}}},{"jobId":"17","jobTitle":"Software Engg 3","jobDescription":"To develop andriod application","experience":{"experience":["Google","Apple","Mobile Iron"]},"project":{"project":{"projectName":"Movie App","technology":{"technology":["Kotlin","SQL Lite","Gradle"]}}}},{"jobId":"23","jobTitle":"Software Engg 3","jobDescription":"To develop andriod application","experience":{"experience":["Google","Apple","Mobile Iron"]},"project":{"project":{"projectName":"Movie App","technology":{"technology":["Kotlin","SQL Lite","Gradle"]}}}}]
      <jobId>1</jobId>

classpath:com/api/automation/getrequest/validateUsingFile.feature:29
---------------------------------------------------------
feature: classpath:com/api/automation/getrequest/validateUsingFile.feature
scenarios:  2 | passed:  0 | failed:  2 | time: 0.2959
---------------------------------------------------------

Karate version: 1.1.0
======================================================
elapsed:   0.50 | threads:    1 | thread time: 0.30 
features:     1 | skipped:    0 | efficiency: 0.59
scenarios:    2 | passed:     0 | failed: 2
======================================================
>>> failed features:
match failed: EQUALS
  $ | not equal | actual array length is not equal to expected - 4:1 (LIST:LIST)
  [{"jobId":1,"jobTitle":"Software Engg","jobDescription":"To develop andriod application","experience":["Google","Apple","Mobile Iron"],"project":[{"projectName":"Movie App","technology":["Kotlin","SQL Lite","Gradle"]}]},{"jobId":95,"jobTitle":"Software Engg 3","jobDescription":"To develop andriod application and IOS application","experience":["Google","Apple","Mobile Iron"],"project":[{"projectName":"Movie App","technology":["Kotlin","SQL Lite","Gradle"]}]},{"jobId":17,"jobTitle":"Software Engg 3","jobDescription":"To develop andriod application","experience":["Google","Apple","Mobile Iron"],"project":[{"projectName":"Movie App","technology":["Kotlin","SQL Lite","Gradle"]}]},{"jobId":23,"jobTitle":"Software Engg 3","jobDescription":"To develop andriod application","experience":["Google","Apple","Mobile Iron"],"project":[{"projectName":"Movie App","technology":["Kotlin","SQL Lite","Gradle"]}]}]
  [{"jobId":1,"jobTitle":"Software Engg","jobDescription":"To develop andriod application","experience":["Google","Apple","Mobile Iron"],"project":[{"projectName":"Movie App","technology":["Kotlin","SQL Lite","Gradle"]}]}]


classpath:com/api/automation/getrequest/validateUsingFile.feature:17
match failed: EQUALS
  / | not equal | match failed for name: 'List' (XML:XML)
  <List><item><jobId>1</jobId><jobTitle>Software Engg</jobTitle><jobDescription>To develop andriod application</jobDescription><experience><experience>Google</experience><experience>Apple</experience><experience>Mobile Iron</experience></experience><project><project><projectName>Movie App</projectName><technology><technology>Kotlin</technology><technology>SQL Lite</technology><technology>Gradle</technology></technology></project></project></item><item><jobId>95</jobId><jobTitle>Software Engg 3</jobTitle><jobDescription>To develop andriod application and IOS application</jobDescription><experience><experience>Google</experience><experience>Apple</experience><experience>Mobile Iron</experience></experience><project><project><projectName>Movie App</projectName><technology><technology>Kotlin</technology><technology>SQL Lite</technology><technology>Gradle</technology></technology></project></project></item><item><jobId>17</jobId><jobTitle>Software Engg 3</jobTitle><jobDescription>To develop andriod application</jobDescription><experience><experience>Google</experience><experience>Apple</experience><experience>Mobile Iron</experience></experience><project><project><projectName>Movie App</projectName><technology><technology>Kotlin</technology><technology>SQL Lite</technology><technology>Gradle</technology></technology></project></project></item><item><jobId>23</jobId><jobTitle>Software Engg 3</jobTitle><jobDescription>To develop andriod application</jobDescription><experience><experience>Google</experience><experience>Apple</experience><experience>Mobile Iron</experience></experience><project><project><projectName>Movie App</projectName><technology><technology>Kotlin</technology><technology>SQL Lite</technology><technology>Gradle</technology></technology></project></project></item></List>
  <List><item><jobId>1</jobId><jobTitle>Software Engg</jobTitle><jobDescription>To develop andriod application</jobDescription><experience><experience>Google</experience><experience>Apple</experience><experience>Mobile Iron</experience></experience><project><project><projectName>Movie App</projectName><technology><technology>Kotlin</technology><technology>SQL Lite</technology><technology>Gradle</technology></technology></project></project></item></List>

    /List | not equal | match failed for name: 'item' (MAP:MAP)
    <item><jobId>1</jobId><jobTitle>Software Engg</jobTitle><jobDescription>To develop andriod application</jobDescription><experience><experience>Google</experience><experience>Apple</experience><experience>Mobile Iron</experience></experience><project><project><projectName>Movie App</projectName><technology><technology>Kotlin</technology><technology>SQL Lite</technology><technology>Gradle</technology></technology></project></project></item>
    <item><jobId>1</jobId><jobTitle>Software Engg</jobTitle><jobDescription>To develop andriod application</jobDescription><experience><experience>Google</experience><experience>Apple</experience><experience>Mobile Iron</experience></experience><project><project><projectName>Movie App</projectName><technology><technology>Kotlin</technology><technology>SQL Lite</technology><technology>Gradle</technology></technology></project></project></item>

      /List/item | data types don't match (LIST:MAP)
      [{"jobId":"1","jobTitle":"Software Engg","jobDescription":"To develop andriod application","experience":{"experience":["Google","Apple","Mobile Iron"]},"project":{"project":{"projectName":"Movie App","technology":{"technology":["Kotlin","SQL Lite","Gradle"]}}}},{"jobId":"95","jobTitle":"Software Engg 3","jobDescription":"To develop andriod application and IOS application","experience":{"experience":["Google","Apple","Mobile Iron"]},"project":{"project":{"projectName":"Movie App","technology":{"technology":["Kotlin","SQL Lite","Gradle"]}}}},{"jobId":"17","jobTitle":"Software Engg 3","jobDescription":"To develop andriod application","experience":{"experience":["Google","Apple","Mobile Iron"]},"project":{"project":{"projectName":"Movie App","technology":{"technology":["Kotlin","SQL Lite","Gradle"]}}}},{"jobId":"23","jobTitle":"Software Engg 3","jobDescription":"To develop andriod application","experience":{"experience":["Google","Apple","Mobile Iron"]},"project":{"project":{"projectName":"Movie App","technology":{"technology":["Kotlin","SQL Lite","Gradle"]}}}}]
      <jobId>1</jobId>

classpath:com/api/automation/getrequest/validateUsingFile.feature:29
<<<

HTML report: (paste into browser to view) | Karate version: 1.1.0
file:///C:/Users/abhis/Downloads/karateframework/karateframework/target/karate-reports/karate-summary.html
===================================================================

]]></system-out>
  </testcase>
</testsuite>